<?xml version="1.0" encoding="UTF-8"?>
<!-- Generated by org.testng.reporters.JUnitReportReporter -->
<testsuite hostname="DESKTOP-D6JCH1J" failures="0" tests="4" name="com.lib.demo.DynamicJson" time="16.615" errors="0" timestamp="2021-04-11T11:18:14 IST" skipped="0">
  <testcase classname="com.lib.demo.DynamicJson" name="addBook" time="15.501"/>
  <system-out/>
  <testcase classname="com.lib.demo.DynamicJson" name="addBook" time="0.237"/>
  <system-out/>
  <testcase classname="com.lib.demo.DynamicJson" name="addBook" time="0.369"/>
  <system-out/>
  <testcase classname="com.lib.demo.DynamicJson" name="addBook" time="0.508"/>
  <system-out/>
</testsuite> <!-- com.lib.demo.DynamicJson -->
