<?xml version="1.0" encoding="UTF-8"?>
<!-- Generated by org.testng.reporters.JUnitReportReporter -->
<testsuite hostname="DESKTOP-D6JCH1J" failures="0" tests="1" name="com.basics.sumValidation" time="1.981" errors="0" timestamp="2021-04-10T12:05:06 IST" skipped="0">
  <testcase classname="com.basics.sumValidation" name="sumOfCourses" time="1.981"/>
  <system-out/>
</testsuite> <!-- com.basics.sumValidation -->
